<?xml version="1.0" encoding="UTF-8"?>
<testsuite name="com.kodilla.basic_assertion.CalculatorTestSuite" tests="4" skipped="0" failures="0" errors="0" timestamp="2022-03-14T20:43:46" hostname="MARCIN" time="0.024">
  <properties/>
  <testcase name="testSub()" classname="com.kodilla.basic_assertion.CalculatorTestSuite" time="0.011"/>
  <testcase name="testSum()" classname="com.kodilla.basic_assertion.CalculatorTestSuite" time="0.001"/>
  <testcase name="testDivision()" classname="com.kodilla.basic_assertion.CalculatorTestSuite" time="0.0"/>
  <testcase name="testSquare()" classname="com.kodilla.basic_assertion.CalculatorTestSuite" time="0.002"/>
  <system-out><![CDATA[]]></system-out>
  <system-err><![CDATA[]]></system-err>
</testsuite>
