<?xml version="1.0" encoding="UTF-8"?>
<testsuite name="com.kodilla.parametrized_tests.UserValidatorTests" tests="1" skipped="0" failures="0" errors="0" timestamp="2022-05-22T11:29:57" hostname="MARCIN" time="0.017">
  <properties/>
  <testcase name="testValidateEmail()" classname="com.kodilla.parametrized_tests.UserValidatorTests" time="0.017"/>
  <system-out><![CDATA[]]></system-out>
  <system-err><![CDATA[]]></system-err>
</testsuite>
