<?xml version="1.0" encoding="UTF-8"?>
<testsuite name="com.kodilla.parametrized_tests.homework.PersonTests" tests="1" skipped="0" failures="0" errors="0" timestamp="2022-05-23T18:22:48" hostname="MARCIN" time="0.016">
  <properties/>
  <testcase name="testCalculatingBMI()" classname="com.kodilla.parametrized_tests.homework.PersonTests" time="0.016"/>
  <system-out><![CDATA[]]></system-out>
  <system-err><![CDATA[]]></system-err>
</testsuite>
